<?xml version="1.0" encoding="UTF-8"?>
<!-- Generated by org.testng.reporters.JUnitReportReporter -->
<testsuite hostname="LTCH-5CD105HTFK" failures="0" tests="5" name="WebDriverPrac.Dropdown" time="30.087" errors="0" timestamp="2024-04-15T16:10:01 IST" skipped="2">
  <testcase classname="WebDriverPrac.Dropdown" name="openBrowser" time="13.158"/>
  <system-out/>
  <testcase classname="WebDriverPrac.Dropdown" name="autoSuggestiveDropDown" time="11.607"/>
  <system-out/>
  <testcase classname="WebDriverPrac.Dropdown" name="disabledCalender" time="5.322"/>
  <system-out/>
  <testcase classname="WebDriverPrac.Dropdown" name="staticDropDown">
    <skipped/>
  </testcase> <!-- staticDropDown -->
  <system-out/>
  <testcase classname="WebDriverPrac.Dropdown" name="dynamicDropDown">
    <skipped/>
  </testcase> <!-- dynamicDropDown -->
  <system-out/>
</testsuite> <!-- WebDriverPrac.Dropdown -->
